<?xml version="1.0" encoding="UTF-8" ?>
<testsuite errors="0" failures="0" hostname="sean-crowleys-macbook.local" name="randomchildbooks.BookTests" tests="1" time="0.462" timestamp="2012-02-09T07:13:05">
  <properties />
  <testcase classname="randomchildbooks.BookTests" name="testSomething" time="0.456" />
  <system-out><![CDATA[--Output from testSomething--
]]></system-out>
  <system-err><![CDATA[--Output from testSomething--
]]></system-err>
</testsuite>
